[    0.000000] Linux version 4.15.0-212-generic (buildd@lcy02-amd64-083) (gcc version 7.5.0 (Ubuntu 7.5.0-3ubuntu1~18.04)) #223-Ubuntu SMP Tue May 23 13:09:22 UTC 2023 (Ubuntu 4.15.0-212.223-generic 4.15.18)
[    0.000000] Command line: BOOT_IMAGE=/boot/vmlinuz-4.15.0-212-generic root=LABEL=cloudimg-rootfs ro console=tty1 console=ttyS0
[    0.000000] KERNEL supported cpus:
[    0.000000]   Intel GenuineIntel
[    0.000000]   AMD AuthenticAMD
[    0.000000]   Centaur CentaurHauls
[    0.000000] x86/fpu: Supporting XSAVE feature 0x001: 'x87 floating point registers'
[    0.000000] x86/fpu: Supporting XSAVE feature 0x002: 'SSE registers'
[    0.000000] x86/fpu: Supporting XSAVE feature 0x004: 'AVX registers'
[    0.000000] x86/fpu: xstate_offset[2]:  576, xstate_sizes[2]:  256
[    0.000000] x86/fpu: Enabled xstate features 0x7, context size is 832 bytes, using 'standard' format.
[    0.000000] e820: BIOS-provided physical RAM map:
[    0.000000] BIOS-e820: [mem 0x0000000000000000-0x000000000009fbff] usable
[    0.000000] BIOS-e820: [mem 0x000000000009fc00-0x000000000009ffff] reserved
[    0.000000] BIOS-e820: [mem 0x00000000000f0000-0x00000000000fffff] reserved
[    0.000000] BIOS-e820: [mem 0x0000000000100000-0x000000003ffeffff] usable
[    0.000000] BIOS-e820: [mem 0x000000003fff0000-0x000000003fffffff] ACPI data
[    0.000000] BIOS-e820: [mem 0x00000000fec00000-0x00000000fec00fff] reserved
[    0.000000] BIOS-e820: [mem 0x00000000fee00000-0x00000000fee00fff] reserved
[    0.000000] BIOS-e820: [mem 0x00000000fffc0000-0x00000000ffffffff] reserved
[    0.000000] NX (Execute Disable) protection: active
[    0.000000] SMBIOS 2.5 present.
[    0.000000] DMI: innotek GmbH VirtualBox/VirtualBox, BIOS VirtualBox 12/01/2006
[    0.000000] Hypervisor detected: KVM
[    0.000000] e820: last_pfn = 0x3fff0 max_arch_pfn = 0x400000000
[    0.000000] MTRR: Disabled
[    0.000000] x86/PAT: MTRRs disabled, skipping PAT initialization too.
[    0.000000] CPU MTRRs all blank - virtualized system.
[    0.000000] x86/PAT: Configuration [0-7]: WB  WT  UC- UC  WB  WT  UC- UC  
[    0.000000] found SMP MP-table at [mem 0x0009fff0-0x0009ffff]
[    0.000000] Scanning 1 areas for low memory corruption
[    0.000000] RAMDISK: [mem 0x359cb000-0x36cdcfff]
[    0.000000] ACPI: Early table checksum verification disabled
[    0.000000] ACPI: RSDP 0x00000000000E0000 000024 (v02 VBOX  )
[    0.000000] ACPI: XSDT 0x000000003FFF0030 00003C (v01 VBOX   VBOXXSDT 00000001 ASL  00000061)
[    0.000000] ACPI: FACP 0x000000003FFF00F0 0000F4 (v04 VBOX   VBOXFACP 00000001 ASL  00000061)
[    0.000000] ACPI: DSDT 0x000000003FFF0470 002325 (v02 VBOX   VBOXBIOS 00000002 INTL 20100528)
[    0.000000] ACPI: FACS 0x000000003FFF0200 000040
[    0.000000] ACPI: FACS 0x000000003FFF0200 000040
[    0.000000] ACPI: APIC 0x000000003FFF0240 00005C (v02 VBOX   VBOXAPIC 00000001 ASL  00000061)
[    0.000000] ACPI: SSDT 0x000000003FFF02A0 0001CC (v01 VBOX   VBOXCPUT 00000002 INTL 20100528)
[    0.000000] ACPI: Reserving FACP table memory at [mem 0x3fff00f0-0x3fff01e3]
[    0.000000] ACPI: Reserving DSDT table memory at [mem 0x3fff0470-0x3fff2794]
[    0.000000] ACPI: Reserving FACS table memory at [mem 0x3fff0200-0x3fff023f]
[    0.000000] ACPI: Reserving FACS table memory at [mem 0x3fff0200-0x3fff023f]
[    0.000000] ACPI: Reserving APIC table memory at [mem 0x3fff0240-0x3fff029b]
[    0.000000] ACPI: Reserving SSDT table memory at [mem 0x3fff02a0-0x3fff046b]
[    0.000000] No NUMA configuration found
[    0.000000] Faking a node at [mem 0x0000000000000000-0x000000003ffeffff]
[    0.000000] NODE_DATA(0) allocated [mem 0x3ffc5000-0x3ffeffff]
[    0.000000] kvm-clock: cpu 0, msr 0:3ff44001, primary cpu clock
[    0.000000] kvm-clock: Using msrs 4b564d01 and 4b564d00
[    0.000000] kvm-clock: using sched offset of 4264727753 cycles
[    0.000000] clocksource: kvm-clock: mask: 0xffffffffffffffff max_cycles: 0x1cd42e4dffb, max_idle_ns: 881590591483 ns
[    0.000000] Zone ranges:
[    0.000000]   DMA      [mem 0x0000000000001000-0x0000000000ffffff]
[    0.000000]   DMA32    [mem 0x0000000001000000-0x000000003ffeffff]
[    0.000000]   Normal   empty
[    0.000000]   Device   empty
[    0.000000] Movable zone start for each node
[    0.000000] Early memory node ranges
[    0.000000]   node   0: [mem 0x0000000000001000-0x000000000009efff]
[    0.000000]   node   0: [mem 0x0000000000100000-0x000000003ffeffff]
[    0.000000] Reserved but unavailable: 104 pages
[    0.000000] Initmem setup node 0 [mem 0x0000000000001000-0x000000003ffeffff]
[    0.000000] ACPI: PM-Timer IO Port: 0x4008
[    0.000000] IOAPIC[0]: apic_id 2, version 32, address 0xfec00000, GSI 0-23
[    0.000000] ACPI: INT_SRC_OVR (bus 0 bus_irq 0 global_irq 2 dfl dfl)
[    0.000000] ACPI: INT_SRC_OVR (bus 0 bus_irq 9 global_irq 9 low level)
[    0.000000] Using ACPI (MADT) for SMP configuration information
[    0.000000] smpboot: Allowing 2 CPUs, 0 hotplug CPUs
[    0.000000] PM: Registered nosave memory: [mem 0x00000000-0x00000fff]
[    0.000000] PM: Registered nosave memory: [mem 0x0009f000-0x0009ffff]
[    0.000000] PM: Registered nosave memory: [mem 0x000a0000-0x000effff]
[    0.000000] PM: Registered nosave memory: [mem 0x000f0000-0x000fffff]
[    0.000000] e820: [mem 0x40000000-0xfebfffff] available for PCI devices
[    0.000000] Booting paravirtualized kernel on KVM
[    0.000000] clocksource: refined-jiffies: mask: 0xffffffff max_cycles: 0xffffffff, max_idle_ns: 7645519600211568 ns
[    0.000000] setup_percpu: NR_CPUS:8192 nr_cpumask_bits:2 nr_cpu_ids:2 nr_node_ids:1
[    0.000000] percpu: Embedded 50 pages/cpu s167936 r8192 d28672 u1048576
[    0.000000] PV qspinlock hash table entries: 256 (order: 0, 4096 bytes)
[    0.000000] Built 1 zonelists, mobility grouping on.  Total pages: 257913
[    0.000000] Policy zone: DMA32
[    0.000000] Kernel command line: BOOT_IMAGE=/boot/vmlinuz-4.15.0-212-generic root=LABEL=cloudimg-rootfs ro console=tty1 console=ttyS0
[    0.000000] Memory: 982644K/1048120K available (12300K kernel code, 2477K rwdata, 4324K rodata, 2480K init, 2720K bss, 65476K reserved, 0K cma-reserved)
[    0.000000] SLUB: HWalign=64, Order=0-3, MinObjects=0, CPUs=2, Nodes=1
[    0.000000] Kernel/User page tables isolation: enabled
[    0.000000] ftrace: allocating 39508 entries in 155 pages
[    0.004000] Hierarchical RCU implementation.
[    0.004000] 	RCU restricting CPUs from NR_CPUS=8192 to nr_cpu_ids=2.
[    0.004000] 	Tasks RCU enabled.
[    0.004000] RCU: Adjusting geometry for rcu_fanout_leaf=16, nr_cpu_ids=2
[    0.004000] NR_IRQS: 524544, nr_irqs: 440, preallocated irqs: 16
[    0.004000] random: crng init done
[    0.004000] Console: colour VGA+ 80x25
[    0.004000] console [tty1] enabled
[    0.004000] console [ttyS0] enabled
[    0.004000] ACPI: Core revision 20170831
[    0.004000] ACPI: 2 ACPI AML tables successfully acquired and loaded
[    0.004000] APIC: Switch to symmetric I/O mode setup
[    0.004000] x2apic enabled
[    0.004000] Switched APIC routing to physical x2apic.
[    0.004000] ..TIMER: vector=0x30 apic1=0 pin1=2 apic2=-1 pin2=-1
[    0.004003] tsc: Detected 2904.002 MHz processor
[    0.004762] Calibrating delay loop (skipped) preset value.. 5808.00 BogoMIPS (lpj=11616008)
[    0.005293] pid_max: default: 32768 minimum: 301
[    0.006059] Security Framework initialized
[    0.006723] Yama: becoming mindful.
[    0.008017] AppArmor: AppArmor initialized
[    0.012000] Dentry cache hash table entries: 131072 (order: 8, 1048576 bytes)
[    0.012044] Inode-cache hash table entries: 65536 (order: 7, 524288 bytes)
[    0.016009] Mount-cache hash table entries: 2048 (order: 2, 16384 bytes)
[    0.017077] Mountpoint-cache hash table entries: 2048 (order: 2, 16384 bytes)
[    0.018415] Last level iTLB entries: 4KB 64, 2MB 8, 4MB 8
[    0.019290] Last level dTLB entries: 4KB 64, 2MB 0, 4MB 0, 1GB 4
[    0.020001] Spectre V1 : Mitigation: usercopy/swapgs barriers and __user pointer sanitization
[    0.021485] Spectre V2 : Mitigation: Retpolines
[    0.022262] Spectre V2 : Spectre v2 / SpectreRSB mitigation: Filling RSB on context switch
[    0.024001] Spectre V2 : Spectre v2 / SpectreRSB : Filling RSB on VMEXIT
[    0.025016] RETBleed: WARNING: Spectre v2 mitigation leaves CPU vulnerable to RETBleed attacks, data leaks possible!
[    0.026544] RETBleed: Vulnerable
[    0.027120] Speculative Store Bypass: Vulnerable
[    0.028047] MDS: Mitigation: Clear CPU buffers
[    0.028755] MMIO Stale Data: Mitigation: Clear CPU buffers
[    0.029653] SRBDS: Unknown: Dependent on hypervisor status
[    0.030650] Freeing SMP alternatives memory: 36K
[    0.141059] smpboot: CPU0: Intel(R) Core(TM) i7-7500U CPU @ 2.70GHz (family: 0x6, model: 0x8e, stepping: 0x9)
[    0.142693] Performance Events: unsupported p6 CPU model 142 no PMU driver, software events only.
[    0.144000] Hierarchical SRCU implementation.
[    0.144355] NMI watchdog: Perf event create on CPU 0 failed with -2
[    0.145342] NMI watchdog: Perf NMI watchdog permanently disabled
[    0.146348] smp: Bringing up secondary CPUs ...
[    0.147209] x86: Booting SMP configuration:
[    0.147921] .... node  #0, CPUs:      #1
[    0.004000] kvm-clock: cpu 1, msr 0:3ff44041, secondary cpu clock
[    0.151286] smp: Brought up 1 node, 2 CPUs
[    0.152003] smpboot: Max logical packages: 1
[    0.152773] smpboot: Total of 2 processors activated (11616.00 BogoMIPS)
[    0.153892] devtmpfs: initialized
[    0.153892] x86/mm: Memory block size: 128MB
[    0.153892] evm: security.selinux
[    0.156002] evm: security.SMACK64
[    0.156611] evm: security.SMACK64EXEC
[    0.157203] evm: security.SMACK64TRANSMUTE
[    0.157984] evm: security.SMACK64MMAP
[    0.158594] evm: security.apparmor
[    0.159239] evm: security.ima
[    0.160002] evm: security.capability
[    0.160651] clocksource: jiffies: mask: 0xffffffff max_cycles: 0xffffffff, max_idle_ns: 7645041785100000 ns
[    0.161830] futex hash table entries: 512 (order: 3, 32768 bytes)
[    0.164028] pinctrl core: initialized pinctrl subsystem
[    0.168098] RTC time: 23:51:50, date: 09/13/24
[    0.168994] NET: Registered protocol family 16
[    0.169809] audit: initializing netlink subsys (disabled)
[    0.170681] audit: type=2000 audit(1726271516.424:1): state=initialized audit_enabled=0 res=1
[    0.172014] cpuidle: using governor ladder
[    0.172652] cpuidle: using governor menu
[    0.173311] ACPI: bus type PCI registered
[    0.173995] acpiphp: ACPI Hot Plug PCI Controller Driver version: 0.5
[    0.175135] PCI: Using configuration type 1 for base access
[    0.176844] HugeTLB registered 2.00 MiB page size, pre-allocated 0 pages
[    0.177453] ACPI: Added _OSI(Module Device)
[    0.180010] ACPI: Added _OSI(Processor Device)
[    0.180937] ACPI: Added _OSI(3.0 _SCP Extensions)
[    0.181953] ACPI: Added _OSI(Processor Aggregator Device)
[    0.183183] ACPI: Added _OSI(Linux-Dell-Video)
[    0.184004] ACPI: Added _OSI(Linux-Lenovo-NV-HDMI-Audio)
[    0.185079] ACPI: Added _OSI(Linux-HPI-Hybrid-Graphics)
[    0.186520] ACPI: Executed 1 blocks of module-level executable AML code
[    0.191567] ACPI: Interpreter enabled
[    0.192013] ACPI: (supports S0 S5)
[    0.192521] ACPI: Using IOAPIC for interrupt routing
[    0.193812] PCI: Using host bridge windows from ACPI; if necessary, use "pci=nocrs" and report a bug
[    0.196259] ACPI: Enabled 2 GPEs in block 00 to 07
[    0.204648] ACPI: PCI Root Bridge [PCI0] (domain 0000 [bus 00-ff])
[    0.205527] acpi PNP0A03:00: _OSC: OS supports [ASPM ClockPM Segments MSI]
[    0.206948] acpi PNP0A03:00: _OSC: not requesting OS control; OS requires [ExtendedConfig ASPM ClockPM MSI]
[    0.208015] acpi PNP0A03:00: fail to add MMCONFIG information, can't access extended PCI configuration space under this bridge.
[    0.212535] PCI host bridge to bus 0000:00
[    0.214384] pci_bus 0000:00: root bus resource [io  0x0000-0x0cf7 window]
[    0.216009] pci_bus 0000:00: root bus resource [io  0x0d00-0xffff window]
[    0.217330] pci_bus 0000:00: root bus resource [mem 0x000a0000-0x000bffff window]
[    0.219059] pci_bus 0000:00: root bus resource [mem 0x40000000-0xfdffffff window]
[    0.220007] pci_bus 0000:00: root bus resource [bus 00-ff]
[    0.224370] pci 0000:00:01.1: legacy IDE quirk: reg 0x10: [io  0x01f0-0x01f7]
[    0.225732] pci 0000:00:01.1: legacy IDE quirk: reg 0x14: [io  0x03f6]
[    0.226966] pci 0000:00:01.1: legacy IDE quirk: reg 0x18: [io  0x0170-0x0177]
[    0.228005] pci 0000:00:01.1: legacy IDE quirk: reg 0x1c: [io  0x0376]
[    0.250630] pci 0000:00:07.0: quirk: [io  0x4000-0x403f] claimed by PIIX4 ACPI
[    0.252000] pci 0000:00:07.0: quirk: [io  0x4100-0x410f] claimed by PIIX4 SMB
[    0.267514] ACPI: PCI Interrupt Link [LNKA] (IRQs 5 9 10 *11)
[    0.268417] ACPI: PCI Interrupt Link [LNKB] (IRQs 5 9 *10 11)
[    0.269641] ACPI: PCI Interrupt Link [LNKC] (IRQs 5 *9 10 11)
[    0.270608] ACPI: PCI Interrupt Link [LNKD] (IRQs 5 9 10 *11)
[    0.272212] SCSI subsystem initialized
[    0.272795] pci 0000:00:02.0: vgaarb: setting as boot VGA device
[    0.272845] pci 0000:00:02.0: vgaarb: VGA device added: decodes=io+mem,owns=io+mem,locks=none
[    0.274018] pci 0000:00:02.0: vgaarb: bridge control possible
[    0.274810] vgaarb: loaded
[    0.276021] ACPI: bus type USB registered
[    0.276610] usbcore: registered new interface driver usbfs
[    0.277371] usbcore: registered new interface driver hub
[    0.278108] usbcore: registered new device driver usb
[    0.278843] EDAC MC: Ver: 3.0.0
[    0.278843] PCI: Using ACPI for IRQ routing
[    0.280223] NetLabel: Initializing
[    0.280730] NetLabel:  domain hash size = 128
[    0.281351] NetLabel:  protocols = UNLABELED CIPSOv4 CALIPSO
[    0.282149] NetLabel:  unlabeled traffic allowed by default
[    0.282929] clocksource: Switched to clocksource kvm-clock
[    0.305016] VFS: Disk quotas dquot_6.6.0
[    0.305650] VFS: Dquot-cache hash table entries: 512 (order 0, 4096 bytes)
[    0.306642] AppArmor: AppArmor Filesystem Enabled
[    0.307326] pnp: PnP ACPI init
[    0.308591] pnp: PnP ACPI: found 3 devices
[    0.317084] clocksource: acpi_pm: mask: 0xffffff max_cycles: 0xffffff, max_idle_ns: 2085701024 ns
[    0.318340] NET: Registered protocol family 2
[    0.318989] IP idents hash table entries: 16384 (order: 5, 131072 bytes)
[    0.331658] TCP established hash table entries: 8192 (order: 4, 65536 bytes)
[    0.332747] TCP bind hash table entries: 8192 (order: 5, 131072 bytes)
[    0.333660] TCP: Hash tables configured (established 8192 bind 8192)
[    0.334590] UDP hash table entries: 512 (order: 2, 16384 bytes)
[    0.335455] UDP-Lite hash table entries: 512 (order: 2, 16384 bytes)
[    0.336522] NET: Registered protocol family 1
[    0.337194] pci 0000:00:00.0: Limiting direct PCI/PCI transfers
[    0.338083] pci 0000:00:01.0: Activating ISA DMA hang workarounds
[    0.339021] pci 0000:00:02.0: Video device with shadowed ROM at [mem 0x000c0000-0x000dffff]
[    0.340338] Unpacking initramfs...
[    0.736995] Freeing initrd memory: 19528K
[    0.737829] clocksource: tsc: mask: 0xffffffffffffffff max_cycles: 0x29dc079b5d9, max_idle_ns: 440795223751 ns
[    0.739306] platform rtc_cmos: registered platform RTC device (no PNP device found)
[    0.740569] Scanning for low memory corruption every 60 seconds
[    0.742158] Initialise system trusted keyrings
[    0.742863] Key type blacklist registered
[    0.743645] workingset: timestamp_bits=36 max_order=18 bucket_order=0
[    0.745391] zbud: loaded
[    0.746319] squashfs: version 4.0 (2009/01/31) Phillip Lougher
[    0.747500] fuse init (API version 7.26)
[    0.751237] Key type asymmetric registered
[    0.751887] Asymmetric key parser 'x509' registered
[    0.752670] Block layer SCSI generic (bsg) driver version 0.4 loaded (major 246)
[    0.753991] io scheduler noop registered
[    0.754631] io scheduler deadline registered
[    0.755308] io scheduler cfq registered (default)
[    0.756425] ACPI: AC Adapter [AC] (on-line)
[    0.757116] input: Power Button as /devices/LNXSYSTM:00/LNXPWRBN:00/input/input0
[    0.758348] ACPI: Power Button [PWRF]
[    0.758984] input: Sleep Button as /devices/LNXSYSTM:00/LNXSLPBN:00/input/input1
[    0.760132] ACPI: Sleep Button [SLPF]
[    0.761585] ACPI: Battery Slot [BAT0] (battery present)
[    0.762544] Serial: 8250/16550 driver, 32 ports, IRQ sharing enabled
[    0.784244] 00:02: ttyS0 at I/O 0x3f8 (irq = 4, base_baud = 115200) is a 16550A
[    0.788287] Linux agpgart interface v0.103
[    0.795973] loop: module loaded
[    0.802448] scsi host0: ata_piix
[    0.803802] scsi host1: ata_piix
[    0.804365] ata1: PATA max UDMA/33 cmd 0x1f0 ctl 0x3f6 bmdma 0xd000 irq 14
[    0.806009] ata2: PATA max UDMA/33 cmd 0x170 ctl 0x376 bmdma 0xd008 irq 15
[    0.807344] tun: Universal TUN/TAP device driver, 1.6
[    0.808138] PPP generic driver version 2.4.2
[    0.808818] ehci_hcd: USB 2.0 'Enhanced' Host Controller (EHCI) Driver
[    0.809712] ehci-pci: EHCI PCI platform driver
[    0.810356] ehci-platform: EHCI generic platform driver
[    0.811089] ohci_hcd: USB 1.1 'Open' Host Controller (OHCI) Driver
[    0.811936] ohci-pci: OHCI PCI platform driver
[    0.812611] ohci-platform: OHCI generic platform driver
[    0.813347] uhci_hcd: USB Universal Host Controller Interface driver
[    0.814253] i8042: PNP: PS/2 Controller [PNP0303:PS2K,PNP0f03:PS2M] at 0x60,0x64 irq 1,12
[    0.815784] serio: i8042 KBD port at 0x60,0x64 irq 1
[    0.816531] serio: i8042 AUX port at 0x60,0x64 irq 12
[    0.817361] mousedev: PS/2 mouse device common for all mice
[    0.818616] input: AT Translated Set 2 keyboard as /devices/platform/i8042/serio0/input/input2
[    0.819927] rtc_cmos rtc_cmos: rtc core: registered rtc_cmos as rtc0
[    0.820969] rtc_cmos rtc_cmos: alarms up to one day, 114 bytes nvram
[    0.821843] i2c /dev entries driver
[    0.822389] device-mapper: uevent: version 1.0.3
[    0.823143] device-mapper: ioctl: 4.37.0-ioctl (2017-09-20) initialised: dm-devel@redhat.com
[    0.824359] ledtrig-cpu: registered to indicate activity on CPUs
[    0.825456] NET: Registered protocol family 10
[    0.829216] Segment Routing with IPv6
[    0.829795] NET: Registered protocol family 17
[    0.830480] Key type dns_resolver registered
[    0.831245] mce: Using 0 MCE banks
[    0.831781] RAS: Correctable Errors collector initialized.
[    0.832582] sched_clock: Marking stable (832562526, 0)->(987497905, -154935379)
[    0.833930] registered taskstats version 1
[    0.834534] Loading compiled-in X.509 certificates
[    0.836924] Loaded X.509 cert 'Build time autogenerated kernel key: b5b26778eaa3ab3a4a6cee031137706e947d12ad'
[    0.838743] Loaded X.509 cert 'Canonical Ltd. Live Patch Signing: 14df34d1a87cf37625abec039ef2bf521249b969'
[    0.840527] Loaded X.509 cert 'Canonical Ltd. Kernel Module Signing: 88f752e560a1e0737e31163a466ad7b70a850c19'
[    0.841920] blacklist: Loading compiled-in revocation X.509 certificates
[    0.842845] Loaded X.509 cert 'Canonical Ltd. Secure Boot Signing: 61482aa2830d0ab2ad5af10b7250da9033ddcef0'
[    0.844190] Loaded X.509 cert 'Canonical Ltd. Secure Boot Signing (2017): 242ade75ac4a15e50d50c84b0d45ff3eae707a03'
[    0.845695] Loaded X.509 cert 'Canonical Ltd. Secure Boot Signing (ESM 2018): 365188c1d374d6b07c3c8f240f8ef722433d6a8b'
[    0.847167] Loaded X.509 cert 'Canonical Ltd. Secure Boot Signing (2019): c0746fd6c5da3ae827864651ad66ae47fe24b3e8'
[    0.848619] Loaded X.509 cert 'Canonical Ltd. Secure Boot Signing (2021 v1): a8d54bbb3825cfb94fa13c9f8a594a195c107b8d'
[    0.850080] Loaded X.509 cert 'Canonical Ltd. Secure Boot Signing (2021 v2): 4cf046892d6fd3c9a5b03f98d845f90851dc6a8c'
[    0.851547] Loaded X.509 cert 'Canonical Ltd. Secure Boot Signing (2021 v3): 100437bb6de6e469b581e61cd66bce3ef4ed53af'
[    0.853034] Loaded X.509 cert 'Canonical Ltd. Secure Boot Signing (Ubuntu Core 2019): c1d57b8f6b743f23ee41f4f7ee292f06eecadfb9'
[    0.854583] zswap: loaded using pool lzo/zbud
[    0.857734] Key type big_key registered
[    0.858337] Key type trusted registered
[    0.860096] Key type encrypted registered
[    0.860687] AppArmor: AppArmor sha1 policy hashing enabled
[    0.861458] ima: No TPM chip found, activating TPM-bypass! (rc=-19)
[    0.862355] ima: Allocated hash algorithm: sha1
[    0.863007] evm: HMAC attrs: 0x1
[    0.863707]   Magic number: 8:775:908
[    0.864300] mem port: hash matches
[    0.864864] rtc_cmos rtc_cmos: setting system clock to 2024-09-13 23:51:51 UTC (1726271511)
[    0.866098] BIOS EDD facility v0.16 2004-Jun-25, 0 devices found
[    0.866930] EDD information not available.
[    0.994765] Freeing unused kernel image memory: 2480K
[    1.008615] Write protecting the kernel read-only data: 20480k
[    1.010352] Freeing unused kernel image memory: 2008K
[    1.011501] Freeing unused kernel image memory: 1820K
[    1.018052] x86/mm: Checked W+X mappings: passed, no W+X pages found.
[    1.019011] x86/mm: Checking user space page tables
[    1.025401] x86/mm: Checked W+X mappings: passed, no W+X pages found.
Loading, please wait...
starting version 237
[    1.087297] e1000: Intel(R) PRO/1000 Network Driver - version 7.3.21-k8-NAPI
[    1.088553] e1000: Copyright (c) 1999-2006 Intel Corporation.
[    1.093048] Fusion MPT base driver 3.04.20
[    1.093810] Copyright (c) 1999-2008 LSI Corporation
[    1.097859] Fusion MPT SPI Host driver 3.04.20
[    1.106374] AVX2 version of gcm_enc/dec engaged.
[    1.107071] AES CTR mode by8 optimization enabled
[    1.300338] input: ImExPS/2 Generic Explorer Mouse as /devices/platform/i8042/serio1/input/input4
[    1.583953] e1000 0000:00:03.0 eth0: (PCI:33MHz:32-bit) 02:3b:7b:b7:3b:2d
[    1.586459] e1000 0000:00:03.0 eth0: Intel(R) PRO/1000 Network Connection
[    2.486274] e1000 0000:00:08.0 eth1: (PCI:33MHz:32-bit) 08:00:27:ce:75:53
[    2.488570] e1000 0000:00:08.0 eth1: Intel(R) PRO/1000 Network Connection
[    2.491195] mptbase: ioc0: Initiating bringup
[    2.491524] e1000 0000:00:08.0 enp0s8: renamed from eth1
[    2.522493] e1000 0000:00:03.0 enp0s3: renamed from eth0
[    2.589230] ioc0: LSI53C1030 A0: Capabilities={Initiator}
[    2.836680] scsi host2: ioc0: LSI53C1030 A0, FwRev=00000000h, Ports=1, MaxQ=256, IRQ=20
[    3.008859] scsi 2:0:0:0: Direct-Access     VBOX     HARDDISK         1.0  PQ: 0 ANSI: 5
[    3.729113] scsi target2:0:0: Beginning Domain Validation
[    3.732893] scsi target2:0:0: Domain Validation skipping write tests
[    3.733813] scsi target2:0:0: Ending Domain Validation
[    3.734559] scsi target2:0:0: asynchronous
[    3.735458] scsi 2:0:1:0: Direct-Access     VBOX     HARDDISK         1.0  PQ: 0 ANSI: 5
[    4.476078] scsi target2:0:1: Beginning Domain Validation
[    4.479854] scsi target2:0:1: Domain Validation skipping write tests
[    4.480830] scsi target2:0:1: Ending Domain Validation
[    4.481581] scsi target2:0:1: asynchronous
[    4.485611] sd 2:0:0:0: Attached scsi generic sg0 type 0
[    4.486871] sd 2:0:0:0: [sda] 83886080 512-byte logical blocks: (42.9 GB/40.0 GiB)
[    4.488158] sd 2:0:1:0: Attached scsi generic sg1 type 0
[    4.488174] sd 2:0:0:0: [sda] Write Protect is off
[    4.490102] sd 2:0:1:0: [sdb] 20480 512-byte logical blocks: (10.5 MB/10.0 MiB)
[    4.491241] sd 2:0:0:0: [sda] Incomplete mode parameter data
[    4.492150] sd 2:0:0:0: [sda] Assuming drive cache: write through
[    4.493053] sd 2:0:1:0: [sdb] Write Protect is off
[    4.494710] sd 2:0:1:0: [sdb] Incomplete mode parameter data
[    4.495606] sd 2:0:1:0: [sdb] Assuming drive cache: write through
[    4.517161]  sda: sda1
[    4.518680] sd 2:0:0:0: [sda] Attached SCSI disk
[    4.731156] sd 2:0:1:0: [sdb] Attached SCSI disk
Begin: Loading essential drivers ... [    6.621056] raid6: sse2x1   gen() 11663 MB/s
[    6.668879] raid6: sse2x1   xor()  8894 MB/s
[    6.716351] raid6: sse2x2   gen()  9303 MB/s
[    6.764231] raid6: sse2x2   xor()  7133 MB/s
[    6.812068] raid6: sse2x4   gen() 13798 MB/s
[    6.860147] raid6: sse2x4   xor()  9823 MB/s
[    6.908019] raid6: avx2x1   gen() 23773 MB/s
[    6.956015] raid6: avx2x1   xor() 14458 MB/s
[    7.004635] raid6: avx2x2   gen() 23691 MB/s
[    7.052426] raid6: avx2x2   xor() 13285 MB/s
[    7.100023] raid6: avx2x4   gen() 27960 MB/s
[    7.148131] raid6: avx2x4   xor() 15280 MB/s
[    7.149327] raid6: using algorithm avx2x4 gen() 27960 MB/s
[    7.150529] raid6: .... xor() 15280 MB/s, rmw enabled
[    7.151777] raid6: using avx2x2 recovery algorithm
[    7.154017] xor: automatically using best checksumming function   avx       
[    7.156484] async_tx: api initialized (async)
done.
Begin: Running /scripts/init-premount ... done.
Begin: Mounting root file system ... Begin: Running /scripts/local-top ... done.
Begin: Running /scripts/local-premount ... [    7.200630] Btrfs loaded, crc32c=crc32c-intel
Scanning for Btrfs filesystems
done.
Warning: fsck not present, so skipping root file system
[    7.566223] EXT4-fs (sda1): mounted filesystem with ordered data mode. Opts: (null)
done.
Begin: Running /scripts/local-bottom ... done.
Begin: Running /scripts/init-bottom ... done.
[   12.225283] ip_tables: (C) 2000-2006 Netfilter Core Team
[   12.575341] systemd[1]: systemd 237 running in system mode. (+PAM +AUDIT +SELINUX +IMA +APPARMOR +SMACK +SYSVINIT +UTMP +LIBCRYPTSETUP +GCRYPT +GNUTLS +ACL +XZ +LZ4 +SECCOMP +BLKID +ELFUTILS +KMOD -IDN2 +IDN -PCRE2 default-hierarchy=hybrid)
[   12.578524] systemd[1]: Detected virtualization oracle.
[   12.579458] systemd[1]: Detected architecture x86-64.

Welcome to [1mUbuntu 18.04.6 LTS[0m!

[   12.661538] systemd[1]: Set hostname to <ubuntu>.
[   12.849248] systemd[1]: Initializing machine ID from random generator.
[   12.851431] systemd[1]: Installed transient /etc/machine-id file.
[   16.659850] systemd[1]: Created slice System Slice.
[[0;32m  OK  [0m] Created slice System Slice.
[   16.672885] systemd[1]: Listening on udev Kernel Socket.
[[0;32m  OK  [0m] Listening on udev Kernel Socket.
[   16.674753] systemd[1]: Listening on Journal Socket.
[[0;32m  OK  [0m] Listening on Journal Socket.
[   16.677292] systemd[1]: Reached target Mounting snaps.
[[0;32m  OK  [0m] Reached target Mounting snaps.
         Starting Uncomplicated firewall...
[[0;32m  OK  [0m] Created slice User and Session Slice.
[[0;32m  OK  [0m] Created slice system-serial\x2dgetty.slice.
         Starting Create list of required st…ce nodes for the current kernel...
[[0;32m  OK  [0m] Listening on Network Service Netlink Socket.
         Mounting Kernel Debug File System...
[[0;32m  OK  [0m] Listening on LVM2 metadata daemon socket.
[[0;32m  OK  [0m] Reached target System Time Synchronized.
[[0;32m  OK  [0m] Reached target Slices.
[[0;32m  OK  [0m] Listening on fsck to fsckd communication Socket.
[[0;32m  OK  [0m] Listening on Syslog Socket.
[[0;32m  OK  [0m] Reached target User and Group Name Lookups.
         Mounting Huge Pages File System...
[[0;32m  OK  [0m] Reached target Mounted snaps.
[[0;32m  OK  [0m] Set up automount Arbitrary Executab…rmats File System Automount Point.
[[0;32m  OK  [0m] Reached target Swap.
         Starting File System Check on Root Device...
         Starting Set the console keyboard layout...
[[0;32m  OK  [0m] Listening on /dev/initctl Compatibility Named Pipe.
         Mounting POSIX Message Queue File System...
[[0;32m  OK  [0m] Started Forward Password Requests to Wall Directory Watch.
[[0;32m  OK  [0m] Listening on Journal Audit Socket.
[[0;32m  OK  [0m] Listening on Device-mapper event daemon FIFOs.
         Starting Monitoring of LVM2 mirrors…ng dmeventd or progress polling...
[[0;32m  OK  [0m] Listening on udev Control Socket.
         Starting udev Coldplug all Devices...
         Starting Load Kernel Modules...
[[0;32m  OK  [0m] Listening on Journal Socket (/dev/log).
         Starting Journal Service...
[[0;32m  OK  [0m] Listening on LVM2 poll daemon socket.
[[0;32m  OK  [0m] Started Uncomplicated firewall.
[[0;32m  OK  [0m] Started Create list of required sta…vice nodes for the current kernel.
[[0;32m  OK  [0m] Mounted Kernel Debug File System.
[[0;32m  OK  [0m] Mounted Huge Pages File System.
[[0;32m  OK  [0m] Mounted POSIX Message Queue File System.
[[0;32m  OK  [0m] Started File System Check Daemon to report status.
         Starting Create Static Device Nodes in /dev...
[[0;32m  OK  [0m] Started udev Coldplug all Devices.
[[0;32m  OK  [0m] Started File System Check on Root Device.
         Starting Remount Root and Kernel File Systems...
[   17.576290] systemd[1]: Started Journal Service.
[[0;32m  OK  [0m] Started Journal Service.
[   18.002999] EXT4-fs (sda1): re-mounted. Opts: (null)
[[0;32m  OK  [0m] Started Remount Root and Kernel File Systems.
[   18.177826] Loading iSCSI transport class v2.0-870.
         Starting Load/Save Random Seed...
         Starting Flush Journal to Persistent Storage...
[   18.770478] systemd-journald[419]: Received request to flush runtime journal from PID 1
[[0;32m  OK  [0m] Started LVM2 metadata daemon.
[   18.915854] iscsi: registered transport (tcp)
[[0;32m  OK  [0m] Started Load/Save Random Seed.
[[0;32m  OK  [0m] Started Create Static Device Nodes in /dev.
         Starting udev Kernel Device Manager...
[   19.269479] iscsi: registered transport (iser)
[[0;32m  OK  [0m] Started Load Kernel Modules.
         Starting Apply Kernel Variables...
         Mounting Kernel Configuration File System...
         Mounting FUSE Control File System...
[[0;32m  OK  [0m] Mounted Kernel Configuration File System.
[[0;32m  OK  [0m] Mounted FUSE Control File System.
[[0;32m  OK  [0m] Started Flush Journal to Persistent Storage.
[[0;32m  OK  [0m] Started Monitoring of LVM2 mirrors,…sing dmeventd or progress polling.
[[0;32m  OK  [0m] Started Apply Kernel Variables.
[[0;32m  OK  [0m] Started udev Kernel Device Manager.
[[0;32m  OK  [0m] Found device /dev/ttyS0.
[[0;32m  OK  [0m] Listening on Load/Save RF Kill Switch Status /dev/rfkill Watch.
         Mounting Arbitrary Executable File Formats File System...
[[0;32m  OK  [0m] Mounted Arbitrary Executable File Formats File System.
[[0;32m  OK  [0m] Started Set the console keyboard layout.
[[0;32m  OK  [0m] Started Dispatch Password Requests to Console Directory Watch.
[[0;32m  OK  [0m] Reached target Local Encrypted Volumes.
[[0;32m  OK  [0m] Reached target Local File Systems (Pre).
[[0;32m  OK  [0m] Reached target Local File Systems.
         Starting Set console font and keymap...
         Starting Create Volatile Files and Directories...
         Starting ebtables ruleset management...
         Starting AppArmor initialization...
         Starting Tell Plymouth To Write Out Runtime Data...
         Starting Commit a transient machine-id on disk...
[[0;32m  OK  [0m] Started Tell Plymouth To Write Out Runtime Data.
[[0;32m  OK  [0m] Started Create Volatile Files and Directories.
         Starting Update UTMP about System Boot/Shutdown...
[[0;32m  OK  [0m] Started Update UTMP about System Boot/Shutdown.
[[0;32m  OK  [0m] Started Commit a transient machine-id on disk.
[[0;32m  OK  [0m] Started ebtables ruleset management.
[[0;32m  OK  [0m] Started Set console font and keymap.
[[0;32m  OK  [0m] Started AppArmor initialization.
         Starting Load AppArmor profiles managed internally by snapd...
         Starting Initial cloud-init job (pre-networking)...
[[0;32m  OK  [0m] Started Load AppArmor profiles managed internally by snapd.
[   34.320379] cloud-init[823]: Cloud-init v. 23.1.2-0ubuntu0~18.04.1 running 'init-local' at Fri, 13 Sep 2024 23:52:23 +0000. Up 32.55 seconds.
[[0;32m  OK  [0m] Started Initial cloud-init job (pre-networking).
[[0;32m  OK  [0m] Reached target Network (Pre).
         Starting Network Service...
[[0;32m  OK  [0m] Started Network Service.
         Starting Wait for Network to be Configured...
         Starting Network Name Resolution...
[[0;32m  OK  [0m] Started Network Name Resolution.
[[0;32m  OK  [0m] Reached target Host and Network Name Lookups.
[[0;32m  OK  [0m] Reached target Network.
[[0;32m  OK  [0m] Started Wait for Network to be Configured.
         Starting Initial cloud-init job (metadata service crawler)...
[   36.207459] cloud-init[963]: Cloud-init v. 23.1.2-0ubuntu0~18.04.1 running 'init' at Fri, 13 Sep 2024 23:52:26 +0000. Up 36.05 seconds.
[   36.212111] cloud-init[963]: ci-info: ++++++++++++++++++++++++++++++++++++++Net device info+++++++++++++++++++++++++++++++++++++++
[   36.213965] cloud-init[963]: ci-info: +--------+-------+----------------------------+---------------+--------+-------------------+
[   36.215688] cloud-init[963]: ci-info: | Device |   Up  |          Address           |      Mask     | Scope  |     Hw-Address    |
[   36.228213] cloud-init[963]: ci-info: +--------+-------+----------------------------+---------------+--------+-------------------+
[   36.229936] cloud-init[963]: ci-info: | enp0s3 |  True |         10.0.2.15          | 255.255.255.0 | global | 02:3b:7b:b7:3b:2d |
[   36.231916] cloud-init[963]: ci-info: | enp0s3 |  True | fe80::3b:7bff:feb7:3b2d/64 |       .       |  link  | 02:3b:7b:b7:3b:2d |
[   36.233731] cloud-init[963]: ci-info: | enp0s8 | False |             .              |       .       |   .    | 08:00:27:ce:75:53 |
[   36.235392] cloud-init[963]: ci-info: |   lo   |  True |         127.0.0.1          |   255.0.0.0   |  host  |         .         |
[   36.248710] cloud-init[963]: ci-info: |   lo   |  True |          ::1/128           |       .       |  host  |         .         |
[   36.250621] cloud-init[963]: ci-info: +--------+-------+----------------------------+---------------+--------+-------------------+
[   36.252684] cloud-init[963]: ci-info: ++++++++++++++++++++++++++++Route IPv4 info+++++++++++++++++++++++++++++
[   36.254218] cloud-init[963]: ci-info: +-------+-------------+----------+-----------------+-----------+-------+
[   36.255720] cloud-init[963]: ci-info: | Route | Destination | Gateway  |     Genmask     | Interface | Flags |
[   36.257269] cloud-init[963]: ci-info: +-------+-------------+----------+-----------------+-----------+-------+
[   36.258773] cloud-init[963]: ci-info: |   0   |   0.0.0.0   | 10.0.2.2 |     0.0.0.0     |   enp0s3  |   UG  |
[   36.260408] cloud-init[963]: ci-info: |   1   |   10.0.2.0  | 0.0.0.0  |  255.255.255.0  |   enp0s3  |   U   |
[   36.261990] cloud-init[963]: ci-info: |   2   |   10.0.2.2  | 0.0.0.0  | 255.255.255.255 |   enp0s3  |   UH  |
[   36.263477] cloud-init[963]: ci-info: +-------+-------------+----------+-----------------+-----------+-------+
[   36.265037] cloud-init[963]: ci-info: +++++++++++++++++++Route IPv6 info+++++++++++++++++++
[   36.266353] cloud-init[963]: ci-info: +-------+-------------+---------+-----------+-------+
[   36.276392] cloud-init[963]: ci-info: | Route | Destination | Gateway | Interface | Flags |
[   36.280089] cloud-init[963]: ci-info: +-------+-------------+---------+-----------+-------+
[   36.283065] cloud-init[963]: ci-info: |   1   |  fe80::/64  |    ::   |   enp0s3  |   U   |
[   36.285497] cloud-init[963]: ci-info: |   3   |    local    |    ::   |   enp0s3  |   U   |
[   36.287759] cloud-init[963]: ci-info: |   4   |   ff00::/8  |    ::   |   enp0s3  |   U   |
[   36.289736] cloud-init[963]: ci-info: +-------+-------------+---------+-----------+-------+
[   40.165695] cloud-init[963]: Generating public/private rsa key pair.
[   40.166657] cloud-init[963]: Your identification has been saved in /etc/ssh/ssh_host_rsa_key.
[   40.167847] cloud-init[963]: Your public key has been saved in /etc/ssh/ssh_host_rsa_key.pub.
[   40.169053] cloud-init[963]: The key fingerprint is:
[   40.169834] cloud-init[963]: SHA256:st9zQkIUsjbym41SKB1ovi8/WIP4KLWooSY7OkqfQdA root@ubuntu-bionic
[   40.171116] cloud-init[963]: The key's randomart image is:
[   40.172581] cloud-init[963]: +---[RSA 2048]----+
[   40.184523] cloud-init[963]: |      . ..       |
[   40.185124] cloud-init[963]: |  ..   o.        |
[   40.185705] cloud-init[963]: | .oEo +.         |
[   40.186281] cloud-init[963]: | o.. * ..        |
[   40.186879] cloud-init[963]: | .ooo +.S        |
[   40.187501] cloud-init[963]: |. +oo. B. .      |
[   40.188069] cloud-init[963]: |.*.=..= .o       |
[   40.188682] cloud-init[963]: |Xo*.+. . .o .    |
[   40.189300] cloud-init[963]: |&+ =o.  . .+     |
[   40.189868] cloud-init[963]: +----[SHA256]-----+
[   40.190486] cloud-init[963]: Generating public/private dsa key pair.
[   40.191215] cloud-init[963]: Your identification has been saved in /etc/ssh/ssh_host_dsa_key.
[   40.192197] cloud-init[963]: Your public key has been saved in /etc/ssh/ssh_host_dsa_key.pub.
[   40.193061] cloud-init[963]: The key fingerprint is:
[   40.193722] cloud-init[963]: SHA256:GOzUEalS/FOlzXJwpdMwYavRGVb4XrfchveuN9BQjQc root@ubuntu-bionic
[   40.194800] cloud-init[963]: The key's randomart image is:
[   40.195475] cloud-init[963]: +---[DSA 1024]----+
[   40.196127] cloud-init[963]: |     .  oo..X=Eo.|
[   40.208923] cloud-init[963]: |     .o....X.O..o|
[   40.209696] cloud-init[963]: |     .+o..+ X.o. |
[   40.210515] cloud-init[963]: |    .o.oo  = o. o|
[   40.211298] cloud-init[963]: |     .o S..  .+o+|
[   40.212118] cloud-init[963]: |             .o++|
[   40.212895] cloud-init[963]: |              .o.|
[[0;32m  OK  [0m] Started Initial cloud-init job (metadata service crawler).
[[0;32m  OK  [0m] Reached target Cloud-config availability.
[[0;32m  OK  [0m] Reached target Network is Online.
[   40.213636] cloud-init[963]: |               .o|
[   40.215654] cloud-init[963]: |              .+o|
[   40.216312] cloud-init[963]: +----[SHA256]-----+
[   40.217160] cloud-init[963]: Generating public/private ecdsa key pair.
[   40.218165] cloud-init[963]: Your identification has been saved in /etc/ssh/ssh_host_ecdsa_key.
[   40.219379] cloud-init[963]: Your public key has been saved in /etc/ssh/ssh_host_ecdsa_key.pub.
[   40.220684] cloud-init[963]: The key fingerprint is:
[   40.221552] cloud-init[963]: SHA256:Dw+UXi0Z3DRIm5rLca/iBHZcmf2HxKx5zetyT2qM7nk root@ubuntu-bionic
[   40.222838] cloud-init[963]: The key's randomart image is:
         Starting Availability of block devices...
[[0;32m  OK  [0m] Reached target Remote File Systems (Pre).
[[0;32m  OK  [0m] Reached target Remote File Systems.
[[0;32m  OK  [0m] Reached target System Initialization.
[[0;32m  OK  [0m] Listening on D-Bus System Message Bus Socket.
         Starting Socket activation for snappy daemon.
[[0;32m  OK  [0m] Started Daily apt download activities.[   40.242953] cloud-init[963]: +---[ECDSA 256]---+
[   40.257248] cloud-init[963]: |         oo+o    |
[   40.257508] cloud-init[963]: |         .oX.+   |
[   40.257980] cloud-init[963]: |        o X o +  |
[   40.258287] cloud-init[963]: |       + = . = + |
[   40.258609] cloud-init[963]: |      o S . o + +|
[   40.258918] cloud-init[963]: |     . + O . . ..|
[   40.259236] cloud-init[963]: |        + o .o ..|
[   40.259698] cloud-init[963]: |       ..  ..oE+ |
[   40.260011] cloud-init[963]: |       ....o+o+.o|
[   40.260506] cloud-init[963]: +----[SHA256]-----+
[   40.260960] cloud-init[963]: Generating public/private ed25519 key pair.
[   40.261424] cloud-init[963]: Your identification has been saved in /etc/ssh/ssh_host_ed25519_key.
[   40.261900] cloud-init[963]: Your public key has been saved in /etc/ssh/ssh_host_ed25519_key.pub.
[   40.262355] cloud-init[963]: The key fingerprint is:
[   40.262681] cloud-init[963]: SHA256:dkFX3h/2kgxCjAwpe1hvdnjl+W+2p5+YwE9AADrvEWA root@ubuntu-bionic
[   40.263149] cloud-init[963]: The key's randomart image is:
[   40.263458] cloud-init[963]: +--[ED25519 256]--+
[   40.263768] cloud-init[963]: |     E.=.+o ...  |
[   40.264407] cloud-init[963]: |    o = ooo... . |
[   40.264717] cloud-init[963]: |     B o .o+...o.|
[   40.265027] cloud-init[963]: |    o + * +ooo..+|
[   40.265333] cloud-init[963]: |     . =So.. .+ o|
[   40.265641] cloud-init[963]: |      ..... . .. |
[   40.266106] cloud-init[963]: |       .   o . . |
[   40.266571] cloud-init[963]: |            + o *|
[   40.266903] cloud-init[963]: |             +.B+|
[   40.267197] cloud-init[963]: +----[SHA256]-----+

[[0;32m  OK  [0m] Started Message of the Day.
[[0;32m  OK  [0m] Started Daily apt upgrade and clean activities.
[[0;32m  OK  [0m] Started Discard unused blocks once a week.
[[0;32m  OK  [0m] Started Daily Cleanup of Temporary Directories.
[[0;32m  OK  [0m] Listening on UUID daemon activation socket.
[[0;32m  OK  [0m] Started ACPI Events Check.
[[0;32m  OK  [0m] Reached target Paths.
[[0;32m  OK  [0m] Listening on cloud-init hotplug hook socket.
         Starting LXD - unix socket.
[[0;32m  OK  [0m] Listening on Open-iSCSI iscsid Socket.
[[0;32m  OK  [0m] Started Ubuntu Advantage Timer for running repeated jobs.
[[0;32m  OK  [0m] Reached target Timers.
[[0;32m  OK  [0m] Listening on ACPID Listen Socket.
[[0;32m  OK  [0m] Started Availability of block devices.
[[0;32m  OK  [0m] Listening on Socket activation for snappy daemon.
[[0;32m  OK  [0m] Listening on LXD - unix socket.
[[0;32m  OK  [0m] Reached target Sockets.
[[0;32m  OK  [0m] Reached target Basic System.
[[0;32m  OK  [0m] Reached target Login Prompts (Pre).
[[0;32m  OK  [0m] Started irqbalance daemon.
         Starting Virtualbox guest utils...
         Starting LXD - container startup/shutdown...
         Starting Login Service...
         Starting Permit User Sessions...
         Starting System Logging Service...
         Starting Accounts Service...
         Starting LSB: Record successful boot for GRUB...
[[0;32m  OK  [0m] Started Regular background program processing daemon.
[[0;32m  OK  [0m] Started FUSE filesystem for LXC.
[[0;32m  OK  [0m] Started Deferred execution scheduler.
[[0;32m  OK  [0m] Started D-Bus System Message Bus.
         Starting Dispatcher daemon for systemd-networkd...
         Starting LSB: automatic crash report generation...
         Starting Pollinate to seed the pseudo random number generator...
         Starting Snap Daemon...
[[0;32m  OK  [0m] Started System Logging Service.
[[0;32m  OK  [0m] Started Permit User Sessions.
[[0;32m  OK  [0m] Started Login Service.
         Starting Authorization Manager...
[[0;32m  OK  [0m] Started Unattended Upgrades Shutdown.
         Starting Hold until boot process finishes up...
         Starting Terminate Plymouth Boot Screen...
[[0;32m  OK  [0m] Started Hold until boot process finishes up.
         Starting Set console scheme...
[[0;32m  OK  [0m] Started Serial Getty on ttyS0.
[[0;32m  OK  [0m] Started Terminate Plymouth Boot Screen.
[[0;32m  OK  [0m] Started LSB: automatic crash report generation.
[[0;32m  OK  [0m] Started Set console scheme.
[[0;32m  OK  [0m] Created slice system-getty.slice.
[[0;32m  OK  [0m] Started Getty on tty1.
[[0;32m  OK  [0m] Reached target Login Prompts.
[[0;32m  OK  [0m] Started LSB: Record successful boot for GRUB.
[[0;32m  OK  [0m] Started Authorization Manager.
[[0;32m  OK  [0m] Started Accounts Service.
[[0;32m  OK  [0m] Started Virtualbox guest utils.
[[0;32m  OK  [0m] Started Dispatcher daemon for systemd-networkd.

Ubuntu 18.04.6 LTS ubuntu-bionic ttyS0

ubuntu-bionic login: [   65.132305] cloud-init[1837]: Cloud-init v. 23.1.2-0ubuntu0~18.04.1 running 'modules:config' at Fri, 13 Sep 2024 23:52:50 +0000. Up 59.71 seconds.
ci-info: no authorized SSH keys fingerprints found for user ubuntu.
<14>Sep 13 23:52:56 cloud-init: #############################################################
<14>Sep 13 23:52:56 cloud-init: -----BEGIN SSH HOST KEY FINGERPRINTS-----
<14>Sep 13 23:52:56 cloud-init: 1024 SHA256:GOzUEalS/FOlzXJwpdMwYavRGVb4XrfchveuN9BQjQc root@ubuntu-bionic (DSA)
<14>Sep 13 23:52:56 cloud-init: 256 SHA256:Dw+UXi0Z3DRIm5rLca/iBHZcmf2HxKx5zetyT2qM7nk root@ubuntu-bionic (ECDSA)
<14>Sep 13 23:52:56 cloud-init: 256 SHA256:dkFX3h/2kgxCjAwpe1hvdnjl+W+2p5+YwE9AADrvEWA root@ubuntu-bionic (ED25519)
<14>Sep 13 23:52:56 cloud-init: 2048 SHA256:st9zQkIUsjbym41SKB1ovi8/WIP4KLWooSY7OkqfQdA root@ubuntu-bionic (RSA)
<14>Sep 13 23:52:56 cloud-init: -----END SSH HOST KEY FINGERPRINTS-----
<14>Sep 13 23:52:56 cloud-init: #############################################################
-----BEGIN SSH HOST KEY KEYS-----
ecdsa-sha2-nistp256 AAAAE2VjZHNhLXNoYTItbmlzdHAyNTYAAAAIbmlzdHAyNTYAAABBBGc6pdkWReRT4lMeksyTfm65BF+gTtlk1O6QyrxyeuOqXZcTfTnKQJPoRO7qnyqQutvGM5QhjwD0BsERfTu9oWw= root@ubuntu-bionic
ssh-ed25519 AAAAC3NzaC1lZDI1NTE5AAAAIOyGfRTSeneecGw1GsrSCDjLMMr/QNSI2w3oAYE3MzGq root@ubuntu-bionic
ssh-rsa AAAAB3NzaC1yc2EAAAADAQABAAABAQDJIPi3iVYEQUHOcxNniHgBH9qfraNBKWBohNHmZwP5P1Wd7lHXvdD5TaWzCwDWc2zc7DsZvcCbTxsgzD1TJzaQ0DIlCQHogDuWcqAGWKlKyMqXAfutNjjR1GZEOIcy8dLCAvFeoL/qxGtBfFR8dxcWfrXTFFi4YLGTMVQ5QwnC3BgGJ7uMF3pJYC/1hkxenYwH+Cr9pbnhXe9AIEPBMKSVnC0AjQb2oCLKL6YoIZRtVY+mPqengigWNhvwA1Ld9DSLMFUccv0bmeTdgedECJAluBl/V7fj8M3OkFky8vHRISt51X9OdMhDNxbtyX9LGOrqrfRYuOmnYyPK6yiRcHJz root@ubuntu-bionic
-----END SSH HOST KEY KEYS-----
[   66.145501] cloud-init[2112]: Cloud-init v. 23.1.2-0ubuntu0~18.04.1 running 'modules:final' at Fri, 13 Sep 2024 23:52:56 +0000. Up 65.61 seconds.
[   66.145609] cloud-init[2112]: Cloud-init v. 23.1.2-0ubuntu0~18.04.1 finished at Fri, 13 Sep 2024 23:52:56 +0000. Datasource DataSourceNoCloud [seed=/dev/sdb][dsmode=net].  Up 66.13 seconds
